<?xml version="1.0" encoding="UTF-8"?>
<testsuite xmlns:xsi="http://www.w3.org/2001/XMLSchema-instance" xsi:noNamespaceSchemaLocation="https://maven.apache.org/surefire/maven-surefire-plugin/xsd/surefire-test-report-3.0.xsd" version="3.0" name="com.mthree.CalculatorTest" time="0.089" tests="11" errors="0" skipped="3" failures="1">
  <properties>
[...]
</properties>
  <testcase name="addTest2" classname="com.mthree.CalculatorTest" time="0">
    <skipped message="public void com.mthree.CalculatorTest.addTest2() is @Disabled"/>
    <system-out><![CDATA[Static method
]]></system-out>
  </testcase>
  <testcase name="addTest3" classname="com.mthree.CalculatorTest" time="0.028">
    <failure message="Expected java.lang.ArithmeticException to be thrown, but nothing was thrown." type="org.opentest4j.AssertionFailedError">org.opentest4j.AssertionFailedError: Expected java.lang.ArithmeticException to be thrown, but nothing was thrown.
	at com.mthree.CalculatorTest.addTest3(CalculatorTest.java:53)
</failure>
    <system-out><![CDATA[Optional[public void com.mthree.CalculatorTest.addTest3()]
Cleaning stuff!!!
]]></system-out>
  </testcase>
  <testcase name="addTest4" classname="com.mthree.CalculatorTest" time="0">
    <skipped message="Assumption failed: assumption is not true" type="org.opentest4j.TestAbortedException">org.opentest4j.TestAbortedException: Assumption failed: assumption is not true
	at com.mthree.CalculatorTest.addTest4(CalculatorTest.java:64)
</skipped>
    <system-out><![CDATA[Optional[public void com.mthree.CalculatorTest.addTest4()]
Cleaning stuff!!!
]]></system-out>
  </testcase>
  <testcase name="addTest5" classname="com.mthree.CalculatorTest" time="0">
    <skipped message="Disabled on operating system: Mac OS X"/>
  </testcase>
  <testcase name="addTest6{RepetitionInfo}[1]" classname="com.mthree.CalculatorTest" time="0.009"/>
  <testcase name="addTest6{RepetitionInfo}[2]" classname="com.mthree.CalculatorTest" time="0.004"/>
  <testcase name="addTest6{RepetitionInfo}[3]" classname="com.mthree.CalculatorTest" time="0.003"/>
  <testcase name="addTest6{RepetitionInfo}[4]" classname="com.mthree.CalculatorTest" time="0.001"/>
  <testcase name="addTest6{RepetitionInfo}[5]" classname="com.mthree.CalculatorTest" time="0.002"/>
  <testcase name="addTest" classname="com.mthree.CalculatorTest" time="0"/>
  <testcase name="addTest" classname="com.mthree.CalculatorTest$InnerTestClass" time="0.003"/>
</testsuite>